<?xml version="1.0" encoding="UTF-8"?>
<!-- Generated by org.testng.reporters.JUnitReportReporter -->
<testsuite hostname="DESKTOP-44BBH13" failures="0" tests="6" name="com.test.TC01" time="63.976" errors="0" timestamp="2023-09-05T08:23:32 EDT" skipped="0">
  <testcase classname="com.test.TC01" name="VerifyLogin" time="2.209"/>
  <testcase classname="com.test.TC01" name="verifyCookieHandle" time="9.303"/>
  <testcase classname="com.test.TC01" name="verifyGetWindowhandle" time="21.250"/>
  <testcase classname="com.test.TC01" name="verifyScrollDown" time="9.398"/>
  <testcase classname="com.test.TC01" name="verifyMouseHover" time="9.431"/>
  <testcase classname="com.test.TC01" name="selectDropDown" time="12.385"/>
</testsuite> <!-- com.test.TC01 -->
